2023-09-02 19:18:36,291.xtra_p2.INFO ==================================================
2023-09-02 19:18:36,291.xtra_p2.INFO Today is 2023-09-02 at 07:18 PM
2023-09-02 19:18:36,409.xtra_p2.INFO Running on: nt Windows 10
2023-09-02 19:18:36,409.xtra_p2.INFO Python version:  3.11.5
2023-09-02 19:18:36,409.xtra_p2.INFO Python path: C:\Program Files\WindowsApps\PythonSoftwareFoundation.Python.3.11_3.11.1520.0_x64__qbz5n2kfra8p0
2023-09-02 19:18:36,409.xtra_p2.INFO Working dir: C:\Users\A2645055\OneDrive - H&R BLOCK LTD\Uma\College\DataFundamental\datafun-02-functions
2023-09-02 19:18:36,417.xtra_p2.INFO ==================================================
2023-09-02 19:18:36,448.xtra_p2.INFO CALLING transform_using_keyword_args_with_default_values(input=bearcat, reverse=False)
2023-09-02 19:18:36,448.xtra_p2.INFO RETURNING bearcat
2023-09-02 19:18:36,449.xtra_p2.INFO CALLING transform_using_keyword_args_with_default_values(input=bearcat, reverse=True)
2023-09-02 19:18:36,449.xtra_p2.INFO RETURNING bearcat
2023-09-02 19:18:36,450.xtra_p2.INFO CALLING transform_using_keyword_args_with_default_values(input=hello, reverse=True)
2023-09-02 19:18:36,450.xtra_p2.INFO RETURNING hello
2023-09-02 19:18:36,451.xtra_p2.INFO ===========================================================
2023-09-02 19:18:36,451.xtra_p2.INFO Running doctest.testmod() function to unit test our code
2023-09-02 19:18:36,451.xtra_p2.INFO ===========================================================
2023-09-02 19:18:36,466.xtra_p2.INFO CALLING transform_using_keyword_args_with_default_values(input=bearcat, reverse=False)
2023-09-02 19:18:36,467.xtra_p2.INFO RETURNING bearcat
2023-09-02 19:18:36,469.xtra_p2.INFO CALLING transform_using_keyword_args_with_default_values(input=bearcat, reverse=True)
2023-09-02 19:18:36,470.xtra_p2.INFO RETURNING bearcat
2023-09-02 19:18:36,472.xtra_p2.INFO CALLING transform_using_keyword_args_with_default_values(input=hello, reverse=True)
2023-09-02 19:18:36,473.xtra_p2.INFO RETURNING hello
2023-09-02 19:18:36,486.xtra_p2.ERROR 8 tests failed!
2023-09-02 19:18:36,487.xtra_p2.INFO Script complete. More info in the log file.
